[ 2025-10-31 22:42:55,277 ] 22 chromadb.telemetry.product.posthog - INFO - Anonymized telemetry enabled. See                     https://docs.trychroma.com/telemetry for more information.
[ 2025-10-31 22:42:56,622 ] 219 sentence_transformers.SentenceTransformer - INFO - Use pytorch device_name: cpu
[ 2025-10-31 22:42:56,622 ] 227 sentence_transformers.SentenceTransformer - INFO - Load pretrained SentenceTransformer: all-MiniLM-L6-v2
[ 2025-10-31 23:14:36,515 ] 82 Chunker - ERROR - MemoryError while appending chunk; returning partial results.
[ 2025-10-31 23:15:32,792 ] 83 Embedder - INFO - Stored 512 embeddings in vector store.
[ 2025-10-31 23:15:35,838 ] 83 Embedder - INFO - Stored 512 embeddings in vector store.
[ 2025-10-31 23:15:37,489 ] 83 Embedder - INFO - Stored 512 embeddings in vector store.
[ 2025-10-31 23:15:39,507 ] 83 Embedder - INFO - Stored 512 embeddings in vector store.
[ 2025-10-31 23:15:42,031 ] 83 Embedder - INFO - Stored 512 embeddings in vector store.
[ 2025-10-31 23:15:44,615 ] 83 Embedder - INFO - Stored 512 embeddings in vector store.
[ 2025-10-31 23:15:47,164 ] 83 Embedder - INFO - Stored 512 embeddings in vector store.
[ 2025-10-31 23:15:51,161 ] 83 Embedder - INFO - Stored 512 embeddings in vector store.
[ 2025-10-31 23:15:53,377 ] 83 Embedder - INFO - Stored 512 embeddings in vector store.
[ 2025-10-31 23:15:55,762 ] 83 Embedder - INFO - Stored 512 embeddings in vector store.
[ 2025-10-31 23:15:59,424 ] 83 Embedder - INFO - Stored 512 embeddings in vector store.
[ 2025-10-31 23:16:01,155 ] 83 Embedder - INFO - Stored 512 embeddings in vector store.
[ 2025-10-31 23:16:03,304 ] 83 Embedder - INFO - Stored 512 embeddings in vector store.
[ 2025-10-31 23:16:04,996 ] 83 Embedder - INFO - Stored 512 embeddings in vector store.
[ 2025-10-31 23:16:07,045 ] 83 Embedder - INFO - Stored 512 embeddings in vector store.
[ 2025-10-31 23:16:08,810 ] 83 Embedder - INFO - Stored 512 embeddings in vector store.
[ 2025-10-31 23:16:10,444 ] 83 Embedder - INFO - Stored 512 embeddings in vector store.
[ 2025-10-31 23:16:11,733 ] 83 Embedder - INFO - Stored 512 embeddings in vector store.
[ 2025-10-31 23:16:13,008 ] 83 Embedder - INFO - Stored 512 embeddings in vector store.
[ 2025-10-31 23:16:14,304 ] 83 Embedder - INFO - Stored 512 embeddings in vector store.
[ 2025-10-31 23:16:15,631 ] 83 Embedder - INFO - Stored 512 embeddings in vector store.
[ 2025-10-31 23:16:16,888 ] 83 Embedder - INFO - Stored 512 embeddings in vector store.
[ 2025-10-31 23:16:18,196 ] 83 Embedder - INFO - Stored 512 embeddings in vector store.
[ 2025-10-31 23:16:19,489 ] 83 Embedder - INFO - Stored 512 embeddings in vector store.
[ 2025-10-31 23:16:20,827 ] 83 Embedder - INFO - Stored 512 embeddings in vector store.
[ 2025-10-31 23:16:22,276 ] 83 Embedder - INFO - Stored 512 embeddings in vector store.
[ 2025-10-31 23:16:23,604 ] 83 Embedder - INFO - Stored 512 embeddings in vector store.
[ 2025-10-31 23:16:25,167 ] 83 Embedder - INFO - Stored 512 embeddings in vector store.
[ 2025-10-31 23:16:26,633 ] 83 Embedder - INFO - Stored 512 embeddings in vector store.
[ 2025-10-31 23:16:27,954 ] 83 Embedder - INFO - Stored 512 embeddings in vector store.
[ 2025-10-31 23:16:29,231 ] 83 Embedder - INFO - Stored 512 embeddings in vector store.
[ 2025-10-31 23:16:30,491 ] 83 Embedder - INFO - Stored 512 embeddings in vector store.
[ 2025-10-31 23:16:31,912 ] 83 Embedder - INFO - Stored 512 embeddings in vector store.
[ 2025-10-31 23:16:33,254 ] 83 Embedder - INFO - Stored 512 embeddings in vector store.
[ 2025-10-31 23:16:34,506 ] 83 Embedder - INFO - Stored 512 embeddings in vector store.
[ 2025-10-31 23:16:35,908 ] 83 Embedder - INFO - Stored 512 embeddings in vector store.
[ 2025-10-31 23:16:37,165 ] 83 Embedder - INFO - Stored 512 embeddings in vector store.
[ 2025-10-31 23:16:38,410 ] 83 Embedder - INFO - Stored 512 embeddings in vector store.
[ 2025-10-31 23:16:39,655 ] 83 Embedder - INFO - Stored 512 embeddings in vector store.
[ 2025-10-31 23:16:40,940 ] 83 Embedder - INFO - Stored 512 embeddings in vector store.
[ 2025-10-31 23:16:42,485 ] 83 Embedder - INFO - Stored 512 embeddings in vector store.
[ 2025-10-31 23:16:43,744 ] 83 Embedder - INFO - Stored 512 embeddings in vector store.
[ 2025-10-31 23:16:45,051 ] 83 Embedder - INFO - Stored 512 embeddings in vector store.
[ 2025-10-31 23:16:46,379 ] 83 Embedder - INFO - Stored 512 embeddings in vector store.
[ 2025-10-31 23:16:47,812 ] 83 Embedder - INFO - Stored 512 embeddings in vector store.
[ 2025-10-31 23:16:49,125 ] 83 Embedder - INFO - Stored 512 embeddings in vector store.
[ 2025-10-31 23:16:50,432 ] 83 Embedder - INFO - Stored 512 embeddings in vector store.
[ 2025-10-31 23:16:51,725 ] 83 Embedder - INFO - Stored 512 embeddings in vector store.
[ 2025-10-31 23:16:53,067 ] 83 Embedder - INFO - Stored 512 embeddings in vector store.
[ 2025-10-31 23:16:54,442 ] 83 Embedder - INFO - Stored 512 embeddings in vector store.
[ 2025-10-31 23:16:55,854 ] 83 Embedder - INFO - Stored 512 embeddings in vector store.
[ 2025-10-31 23:16:57,196 ] 83 Embedder - INFO - Stored 512 embeddings in vector store.
[ 2025-10-31 23:16:58,532 ] 83 Embedder - INFO - Stored 512 embeddings in vector store.
[ 2025-10-31 23:16:59,878 ] 83 Embedder - INFO - Stored 512 embeddings in vector store.
[ 2025-10-31 23:17:01,299 ] 83 Embedder - INFO - Stored 512 embeddings in vector store.
[ 2025-10-31 23:17:02,595 ] 83 Embedder - INFO - Stored 512 embeddings in vector store.
[ 2025-10-31 23:17:03,996 ] 83 Embedder - INFO - Stored 512 embeddings in vector store.
[ 2025-10-31 23:17:05,403 ] 83 Embedder - INFO - Stored 512 embeddings in vector store.
[ 2025-10-31 23:17:06,697 ] 83 Embedder - INFO - Stored 512 embeddings in vector store.
[ 2025-10-31 23:17:08,001 ] 83 Embedder - INFO - Stored 512 embeddings in vector store.
[ 2025-10-31 23:17:09,249 ] 83 Embedder - INFO - Stored 512 embeddings in vector store.
[ 2025-10-31 23:17:10,567 ] 83 Embedder - INFO - Stored 512 embeddings in vector store.
[ 2025-10-31 23:17:11,854 ] 83 Embedder - INFO - Stored 512 embeddings in vector store.
[ 2025-10-31 23:17:13,266 ] 83 Embedder - INFO - Stored 512 embeddings in vector store.
[ 2025-10-31 23:17:14,586 ] 83 Embedder - INFO - Stored 512 embeddings in vector store.
[ 2025-10-31 23:17:15,888 ] 83 Embedder - INFO - Stored 512 embeddings in vector store.
[ 2025-10-31 23:17:17,186 ] 83 Embedder - INFO - Stored 512 embeddings in vector store.
[ 2025-10-31 23:17:18,462 ] 83 Embedder - INFO - Stored 512 embeddings in vector store.
[ 2025-10-31 23:17:19,754 ] 83 Embedder - INFO - Stored 512 embeddings in vector store.
[ 2025-10-31 23:17:21,053 ] 83 Embedder - INFO - Stored 512 embeddings in vector store.
[ 2025-10-31 23:17:22,430 ] 83 Embedder - INFO - Stored 512 embeddings in vector store.
[ 2025-10-31 23:17:23,711 ] 83 Embedder - INFO - Stored 512 embeddings in vector store.
[ 2025-10-31 23:17:25,039 ] 83 Embedder - INFO - Stored 512 embeddings in vector store.
[ 2025-10-31 23:17:26,341 ] 83 Embedder - INFO - Stored 512 embeddings in vector store.
[ 2025-10-31 23:17:27,713 ] 83 Embedder - INFO - Stored 512 embeddings in vector store.
[ 2025-10-31 23:17:29,002 ] 83 Embedder - INFO - Stored 512 embeddings in vector store.
[ 2025-10-31 23:17:30,325 ] 83 Embedder - INFO - Stored 512 embeddings in vector store.
[ 2025-10-31 23:17:31,685 ] 83 Embedder - INFO - Stored 512 embeddings in vector store.
[ 2025-10-31 23:17:32,973 ] 83 Embedder - INFO - Stored 512 embeddings in vector store.
[ 2025-10-31 23:17:34,247 ] 83 Embedder - INFO - Stored 512 embeddings in vector store.
[ 2025-10-31 23:17:35,571 ] 83 Embedder - INFO - Stored 512 embeddings in vector store.
[ 2025-10-31 23:17:36,881 ] 83 Embedder - INFO - Stored 512 embeddings in vector store.
[ 2025-10-31 23:17:38,227 ] 83 Embedder - INFO - Stored 512 embeddings in vector store.
[ 2025-10-31 23:17:39,540 ] 83 Embedder - INFO - Stored 512 embeddings in vector store.
[ 2025-10-31 23:17:40,843 ] 83 Embedder - INFO - Stored 512 embeddings in vector store.
[ 2025-10-31 23:17:42,126 ] 83 Embedder - INFO - Stored 512 embeddings in vector store.
[ 2025-10-31 23:17:43,417 ] 83 Embedder - INFO - Stored 512 embeddings in vector store.
[ 2025-10-31 23:17:44,736 ] 83 Embedder - INFO - Stored 512 embeddings in vector store.
[ 2025-10-31 23:17:46,075 ] 83 Embedder - INFO - Stored 512 embeddings in vector store.
[ 2025-10-31 23:17:47,414 ] 83 Embedder - INFO - Stored 512 embeddings in vector store.
[ 2025-10-31 23:17:48,753 ] 83 Embedder - INFO - Stored 512 embeddings in vector store.
[ 2025-10-31 23:17:50,085 ] 83 Embedder - INFO - Stored 512 embeddings in vector store.
[ 2025-10-31 23:17:51,399 ] 83 Embedder - INFO - Stored 512 embeddings in vector store.
[ 2025-10-31 23:17:52,690 ] 83 Embedder - INFO - Stored 512 embeddings in vector store.
[ 2025-10-31 23:17:53,977 ] 83 Embedder - INFO - Stored 512 embeddings in vector store.
[ 2025-10-31 23:17:55,262 ] 83 Embedder - INFO - Stored 512 embeddings in vector store.
[ 2025-10-31 23:17:56,555 ] 83 Embedder - INFO - Stored 512 embeddings in vector store.
[ 2025-10-31 23:17:57,861 ] 83 Embedder - INFO - Stored 512 embeddings in vector store.
[ 2025-10-31 23:17:59,298 ] 83 Embedder - INFO - Stored 512 embeddings in vector store.
[ 2025-10-31 23:18:00,695 ] 83 Embedder - INFO - Stored 512 embeddings in vector store.
[ 2025-10-31 23:18:02,016 ] 83 Embedder - INFO - Stored 512 embeddings in vector store.
[ 2025-10-31 23:18:03,549 ] 83 Embedder - INFO - Stored 512 embeddings in vector store.
[ 2025-10-31 23:18:05,017 ] 83 Embedder - INFO - Stored 512 embeddings in vector store.
[ 2025-10-31 23:18:06,582 ] 83 Embedder - INFO - Stored 512 embeddings in vector store.
[ 2025-10-31 23:18:07,970 ] 83 Embedder - INFO - Stored 512 embeddings in vector store.
[ 2025-10-31 23:18:09,453 ] 83 Embedder - INFO - Stored 512 embeddings in vector store.
[ 2025-10-31 23:18:10,813 ] 83 Embedder - INFO - Stored 512 embeddings in vector store.
[ 2025-10-31 23:18:12,181 ] 83 Embedder - INFO - Stored 512 embeddings in vector store.
[ 2025-10-31 23:18:13,565 ] 83 Embedder - INFO - Stored 512 embeddings in vector store.
[ 2025-10-31 23:18:14,946 ] 83 Embedder - INFO - Stored 512 embeddings in vector store.
[ 2025-10-31 23:18:16,282 ] 83 Embedder - INFO - Stored 512 embeddings in vector store.
[ 2025-10-31 23:18:17,727 ] 83 Embedder - INFO - Stored 512 embeddings in vector store.
[ 2025-10-31 23:18:18,983 ] 83 Embedder - INFO - Stored 512 embeddings in vector store.
[ 2025-10-31 23:18:20,245 ] 83 Embedder - INFO - Stored 512 embeddings in vector store.
[ 2025-10-31 23:18:21,677 ] 83 Embedder - INFO - Stored 512 embeddings in vector store.
[ 2025-10-31 23:18:23,033 ] 83 Embedder - INFO - Stored 512 embeddings in vector store.
[ 2025-10-31 23:18:24,375 ] 83 Embedder - INFO - Stored 512 embeddings in vector store.
[ 2025-10-31 23:18:25,686 ] 83 Embedder - INFO - Stored 512 embeddings in vector store.
[ 2025-10-31 23:18:26,938 ] 83 Embedder - INFO - Stored 512 embeddings in vector store.
[ 2025-10-31 23:18:28,208 ] 83 Embedder - INFO - Stored 512 embeddings in vector store.
[ 2025-10-31 23:18:29,495 ] 83 Embedder - INFO - Stored 512 embeddings in vector store.
[ 2025-10-31 23:18:30,913 ] 83 Embedder - INFO - Stored 512 embeddings in vector store.
[ 2025-10-31 23:18:32,246 ] 83 Embedder - INFO - Stored 512 embeddings in vector store.
[ 2025-10-31 23:18:33,610 ] 83 Embedder - INFO - Stored 512 embeddings in vector store.
[ 2025-10-31 23:18:34,915 ] 83 Embedder - INFO - Stored 512 embeddings in vector store.
[ 2025-10-31 23:18:36,313 ] 83 Embedder - INFO - Stored 512 embeddings in vector store.
[ 2025-10-31 23:18:37,628 ] 83 Embedder - INFO - Stored 512 embeddings in vector store.
[ 2025-10-31 23:18:38,940 ] 83 Embedder - INFO - Stored 512 embeddings in vector store.
[ 2025-10-31 23:18:40,330 ] 83 Embedder - INFO - Stored 512 embeddings in vector store.
[ 2025-10-31 23:18:41,631 ] 83 Embedder - INFO - Stored 512 embeddings in vector store.
[ 2025-10-31 23:18:42,932 ] 83 Embedder - INFO - Stored 512 embeddings in vector store.
[ 2025-10-31 23:18:44,303 ] 83 Embedder - INFO - Stored 512 embeddings in vector store.
[ 2025-10-31 23:18:45,769 ] 83 Embedder - INFO - Stored 512 embeddings in vector store.
[ 2025-10-31 23:18:47,069 ] 83 Embedder - INFO - Stored 512 embeddings in vector store.
[ 2025-10-31 23:18:48,340 ] 83 Embedder - INFO - Stored 512 embeddings in vector store.
[ 2025-10-31 23:18:49,594 ] 83 Embedder - INFO - Stored 512 embeddings in vector store.
[ 2025-10-31 23:18:50,889 ] 83 Embedder - INFO - Stored 512 embeddings in vector store.
[ 2025-10-31 23:18:52,134 ] 83 Embedder - INFO - Stored 512 embeddings in vector store.
[ 2025-10-31 23:18:53,467 ] 83 Embedder - INFO - Stored 512 embeddings in vector store.
[ 2025-10-31 23:18:54,708 ] 83 Embedder - INFO - Stored 512 embeddings in vector store.
[ 2025-10-31 23:18:55,950 ] 83 Embedder - INFO - Stored 512 embeddings in vector store.
[ 2025-10-31 23:18:57,199 ] 83 Embedder - INFO - Stored 512 embeddings in vector store.
[ 2025-10-31 23:18:58,447 ] 83 Embedder - INFO - Stored 512 embeddings in vector store.
[ 2025-10-31 23:18:59,789 ] 83 Embedder - INFO - Stored 512 embeddings in vector store.
[ 2025-10-31 23:19:01,044 ] 83 Embedder - INFO - Stored 512 embeddings in vector store.
[ 2025-10-31 23:19:02,315 ] 83 Embedder - INFO - Stored 512 embeddings in vector store.
[ 2025-10-31 23:19:03,584 ] 83 Embedder - INFO - Stored 512 embeddings in vector store.
[ 2025-10-31 23:19:04,829 ] 83 Embedder - INFO - Stored 512 embeddings in vector store.
[ 2025-10-31 23:19:06,087 ] 83 Embedder - INFO - Stored 512 embeddings in vector store.
[ 2025-10-31 23:19:07,353 ] 83 Embedder - INFO - Stored 512 embeddings in vector store.
[ 2025-10-31 23:19:08,619 ] 83 Embedder - INFO - Stored 512 embeddings in vector store.
[ 2025-10-31 23:19:09,885 ] 83 Embedder - INFO - Stored 512 embeddings in vector store.
[ 2025-10-31 23:19:11,152 ] 83 Embedder - INFO - Stored 512 embeddings in vector store.
[ 2025-10-31 23:19:12,429 ] 83 Embedder - INFO - Stored 512 embeddings in vector store.
[ 2025-10-31 23:19:13,723 ] 83 Embedder - INFO - Stored 512 embeddings in vector store.
[ 2025-10-31 23:19:15,011 ] 83 Embedder - INFO - Stored 512 embeddings in vector store.
[ 2025-10-31 23:19:16,299 ] 83 Embedder - INFO - Stored 512 embeddings in vector store.
[ 2025-10-31 23:19:17,575 ] 83 Embedder - INFO - Stored 512 embeddings in vector store.
[ 2025-10-31 23:19:18,849 ] 83 Embedder - INFO - Stored 512 embeddings in vector store.
[ 2025-10-31 23:19:20,282 ] 83 Embedder - INFO - Stored 512 embeddings in vector store.
[ 2025-10-31 23:19:21,596 ] 83 Embedder - INFO - Stored 512 embeddings in vector store.
[ 2025-10-31 23:19:22,870 ] 83 Embedder - INFO - Stored 512 embeddings in vector store.
[ 2025-10-31 23:19:24,141 ] 83 Embedder - INFO - Stored 512 embeddings in vector store.
[ 2025-10-31 23:19:25,508 ] 83 Embedder - INFO - Stored 512 embeddings in vector store.
[ 2025-10-31 23:19:26,855 ] 83 Embedder - INFO - Stored 512 embeddings in vector store.
[ 2025-10-31 23:19:28,130 ] 83 Embedder - INFO - Stored 512 embeddings in vector store.
[ 2025-10-31 23:19:29,450 ] 83 Embedder - INFO - Stored 512 embeddings in vector store.
[ 2025-10-31 23:19:30,744 ] 83 Embedder - INFO - Stored 512 embeddings in vector store.
[ 2025-10-31 23:19:32,001 ] 83 Embedder - INFO - Stored 512 embeddings in vector store.
[ 2025-10-31 23:19:33,271 ] 83 Embedder - INFO - Stored 512 embeddings in vector store.
[ 2025-10-31 23:19:34,540 ] 83 Embedder - INFO - Stored 512 embeddings in vector store.
[ 2025-10-31 23:19:35,839 ] 83 Embedder - INFO - Stored 512 embeddings in vector store.
[ 2025-10-31 23:19:37,150 ] 83 Embedder - INFO - Stored 512 embeddings in vector store.
[ 2025-10-31 23:19:38,453 ] 83 Embedder - INFO - Stored 512 embeddings in vector store.
[ 2025-10-31 23:19:39,861 ] 83 Embedder - INFO - Stored 512 embeddings in vector store.
[ 2025-10-31 23:19:41,246 ] 83 Embedder - INFO - Stored 512 embeddings in vector store.
[ 2025-10-31 23:19:42,576 ] 83 Embedder - INFO - Stored 512 embeddings in vector store.
[ 2025-10-31 23:19:44,088 ] 83 Embedder - INFO - Stored 512 embeddings in vector store.
[ 2025-10-31 23:19:45,516 ] 83 Embedder - INFO - Stored 512 embeddings in vector store.
[ 2025-10-31 23:19:47,315 ] 83 Embedder - INFO - Stored 512 embeddings in vector store.
[ 2025-10-31 23:19:49,002 ] 83 Embedder - INFO - Stored 512 embeddings in vector store.
[ 2025-10-31 23:19:50,396 ] 83 Embedder - INFO - Stored 512 embeddings in vector store.
[ 2025-10-31 23:19:51,772 ] 83 Embedder - INFO - Stored 512 embeddings in vector store.
[ 2025-10-31 23:19:53,055 ] 83 Embedder - INFO - Stored 512 embeddings in vector store.
[ 2025-10-31 23:19:54,295 ] 83 Embedder - INFO - Stored 512 embeddings in vector store.
[ 2025-10-31 23:19:55,574 ] 83 Embedder - INFO - Stored 512 embeddings in vector store.
[ 2025-10-31 23:19:56,839 ] 83 Embedder - INFO - Stored 512 embeddings in vector store.
[ 2025-10-31 23:19:58,125 ] 83 Embedder - INFO - Stored 512 embeddings in vector store.
[ 2025-10-31 23:19:59,410 ] 83 Embedder - INFO - Stored 512 embeddings in vector store.
[ 2025-10-31 23:20:00,840 ] 83 Embedder - INFO - Stored 512 embeddings in vector store.
[ 2025-10-31 23:20:02,095 ] 83 Embedder - INFO - Stored 512 embeddings in vector store.
[ 2025-10-31 23:20:03,352 ] 83 Embedder - INFO - Stored 512 embeddings in vector store.
[ 2025-10-31 23:20:04,614 ] 83 Embedder - INFO - Stored 512 embeddings in vector store.
[ 2025-10-31 23:20:05,901 ] 83 Embedder - INFO - Stored 512 embeddings in vector store.
[ 2025-10-31 23:20:07,154 ] 83 Embedder - INFO - Stored 512 embeddings in vector store.
[ 2025-10-31 23:20:08,426 ] 83 Embedder - INFO - Stored 512 embeddings in vector store.
[ 2025-10-31 23:21:04,289 ] 83 Embedder - INFO - Stored 512 embeddings in vector store.
[ 2025-10-31 23:21:08,329 ] 83 Embedder - INFO - Stored 512 embeddings in vector store.
[ 2025-10-31 23:21:09,871 ] 83 Embedder - INFO - Stored 512 embeddings in vector store.
[ 2025-10-31 23:21:11,454 ] 83 Embedder - INFO - Stored 512 embeddings in vector store.
[ 2025-10-31 23:21:12,805 ] 83 Embedder - INFO - Stored 512 embeddings in vector store.
[ 2025-10-31 23:21:14,124 ] 83 Embedder - INFO - Stored 512 embeddings in vector store.
[ 2025-10-31 23:21:15,501 ] 83 Embedder - INFO - Stored 512 embeddings in vector store.
[ 2025-10-31 23:21:16,943 ] 83 Embedder - INFO - Stored 512 embeddings in vector store.
[ 2025-10-31 23:21:18,301 ] 83 Embedder - INFO - Stored 512 embeddings in vector store.
[ 2025-10-31 23:21:19,724 ] 83 Embedder - INFO - Stored 512 embeddings in vector store.
[ 2025-10-31 23:21:21,152 ] 83 Embedder - INFO - Stored 512 embeddings in vector store.
[ 2025-10-31 23:21:22,721 ] 83 Embedder - INFO - Stored 512 embeddings in vector store.
[ 2025-10-31 23:21:24,292 ] 83 Embedder - INFO - Stored 512 embeddings in vector store.
[ 2025-10-31 23:21:25,675 ] 83 Embedder - INFO - Stored 512 embeddings in vector store.
[ 2025-10-31 23:21:26,992 ] 83 Embedder - INFO - Stored 512 embeddings in vector store.
[ 2025-10-31 23:21:28,263 ] 83 Embedder - INFO - Stored 512 embeddings in vector store.
[ 2025-10-31 23:21:29,521 ] 83 Embedder - INFO - Stored 512 embeddings in vector store.
[ 2025-10-31 23:21:30,795 ] 83 Embedder - INFO - Stored 512 embeddings in vector store.
[ 2025-10-31 23:21:32,048 ] 83 Embedder - INFO - Stored 512 embeddings in vector store.
[ 2025-10-31 23:21:33,321 ] 83 Embedder - INFO - Stored 512 embeddings in vector store.
[ 2025-10-31 23:21:34,651 ] 83 Embedder - INFO - Stored 512 embeddings in vector store.
[ 2025-10-31 23:21:35,906 ] 83 Embedder - INFO - Stored 512 embeddings in vector store.
[ 2025-10-31 23:21:37,138 ] 83 Embedder - INFO - Stored 512 embeddings in vector store.
[ 2025-10-31 23:21:38,383 ] 83 Embedder - INFO - Stored 512 embeddings in vector store.
[ 2025-10-31 23:21:39,690 ] 83 Embedder - INFO - Stored 512 embeddings in vector store.
[ 2025-10-31 23:21:40,986 ] 83 Embedder - INFO - Stored 512 embeddings in vector store.
[ 2025-10-31 23:21:42,451 ] 83 Embedder - INFO - Stored 512 embeddings in vector store.
[ 2025-10-31 23:21:43,869 ] 83 Embedder - INFO - Stored 512 embeddings in vector store.
[ 2025-10-31 23:21:45,224 ] 83 Embedder - INFO - Stored 512 embeddings in vector store.
[ 2025-10-31 23:21:46,516 ] 83 Embedder - INFO - Stored 512 embeddings in vector store.
[ 2025-10-31 23:21:47,797 ] 83 Embedder - INFO - Stored 512 embeddings in vector store.
[ 2025-10-31 23:21:49,219 ] 83 Embedder - INFO - Stored 512 embeddings in vector store.
[ 2025-10-31 23:21:50,734 ] 83 Embedder - INFO - Stored 512 embeddings in vector store.
[ 2025-10-31 23:21:52,065 ] 83 Embedder - INFO - Stored 512 embeddings in vector store.
[ 2025-10-31 23:21:53,345 ] 83 Embedder - INFO - Stored 512 embeddings in vector store.
[ 2025-10-31 23:21:54,629 ] 83 Embedder - INFO - Stored 512 embeddings in vector store.
[ 2025-10-31 23:21:56,063 ] 83 Embedder - INFO - Stored 512 embeddings in vector store.
[ 2025-10-31 23:21:57,432 ] 83 Embedder - INFO - Stored 512 embeddings in vector store.
[ 2025-10-31 23:21:58,803 ] 83 Embedder - INFO - Stored 512 embeddings in vector store.
[ 2025-10-31 23:22:00,422 ] 83 Embedder - INFO - Stored 512 embeddings in vector store.
[ 2025-10-31 23:22:01,847 ] 83 Embedder - INFO - Stored 512 embeddings in vector store.
[ 2025-10-31 23:22:03,250 ] 83 Embedder - INFO - Stored 512 embeddings in vector store.
[ 2025-10-31 23:22:04,698 ] 83 Embedder - INFO - Stored 512 embeddings in vector store.
[ 2025-10-31 23:22:06,084 ] 83 Embedder - INFO - Stored 512 embeddings in vector store.
[ 2025-10-31 23:22:07,388 ] 83 Embedder - INFO - Stored 512 embeddings in vector store.
[ 2025-10-31 23:22:08,720 ] 83 Embedder - INFO - Stored 512 embeddings in vector store.
[ 2025-10-31 23:22:10,007 ] 83 Embedder - INFO - Stored 512 embeddings in vector store.
[ 2025-10-31 23:22:11,293 ] 83 Embedder - INFO - Stored 512 embeddings in vector store.
[ 2025-10-31 23:22:12,558 ] 83 Embedder - INFO - Stored 512 embeddings in vector store.
[ 2025-10-31 23:22:13,872 ] 83 Embedder - INFO - Stored 512 embeddings in vector store.
[ 2025-10-31 23:22:15,145 ] 83 Embedder - INFO - Stored 512 embeddings in vector store.
[ 2025-10-31 23:22:16,462 ] 83 Embedder - INFO - Stored 512 embeddings in vector store.
[ 2025-10-31 23:22:17,743 ] 83 Embedder - INFO - Stored 512 embeddings in vector store.
[ 2025-10-31 23:22:19,024 ] 83 Embedder - INFO - Stored 512 embeddings in vector store.
[ 2025-10-31 23:22:20,336 ] 83 Embedder - INFO - Stored 512 embeddings in vector store.
[ 2025-10-31 23:22:21,637 ] 83 Embedder - INFO - Stored 512 embeddings in vector store.
[ 2025-10-31 23:22:22,953 ] 83 Embedder - INFO - Stored 512 embeddings in vector store.
[ 2025-10-31 23:22:24,463 ] 83 Embedder - INFO - Stored 512 embeddings in vector store.
[ 2025-10-31 23:22:25,796 ] 83 Embedder - INFO - Stored 512 embeddings in vector store.
[ 2025-10-31 23:22:27,089 ] 83 Embedder - INFO - Stored 512 embeddings in vector store.
[ 2025-10-31 23:22:28,996 ] 83 Embedder - INFO - Stored 512 embeddings in vector store.
[ 2025-10-31 23:22:30,363 ] 83 Embedder - INFO - Stored 512 embeddings in vector store.
[ 2025-10-31 23:22:31,669 ] 83 Embedder - INFO - Stored 512 embeddings in vector store.
[ 2025-10-31 23:22:33,064 ] 83 Embedder - INFO - Stored 512 embeddings in vector store.
[ 2025-10-31 23:22:34,357 ] 83 Embedder - INFO - Stored 512 embeddings in vector store.
[ 2025-10-31 23:22:35,665 ] 83 Embedder - INFO - Stored 512 embeddings in vector store.
[ 2025-10-31 23:22:36,947 ] 83 Embedder - INFO - Stored 512 embeddings in vector store.
[ 2025-10-31 23:22:38,348 ] 83 Embedder - INFO - Stored 512 embeddings in vector store.
[ 2025-10-31 23:22:39,593 ] 83 Embedder - INFO - Stored 512 embeddings in vector store.
[ 2025-10-31 23:22:40,793 ] 83 Embedder - INFO - Stored 512 embeddings in vector store.
[ 2025-10-31 23:22:42,063 ] 83 Embedder - INFO - Stored 512 embeddings in vector store.
[ 2025-10-31 23:22:43,437 ] 83 Embedder - INFO - Stored 512 embeddings in vector store.
[ 2025-10-31 23:22:44,685 ] 83 Embedder - INFO - Stored 512 embeddings in vector store.
[ 2025-10-31 23:22:45,944 ] 83 Embedder - INFO - Stored 512 embeddings in vector store.
[ 2025-10-31 23:22:47,129 ] 83 Embedder - INFO - Stored 512 embeddings in vector store.
[ 2025-10-31 23:22:48,325 ] 83 Embedder - INFO - Stored 512 embeddings in vector store.
[ 2025-10-31 23:22:49,503 ] 83 Embedder - INFO - Stored 512 embeddings in vector store.
[ 2025-10-31 23:22:50,692 ] 83 Embedder - INFO - Stored 512 embeddings in vector store.
[ 2025-10-31 23:22:52,025 ] 83 Embedder - INFO - Stored 512 embeddings in vector store.
[ 2025-10-31 23:22:53,357 ] 83 Embedder - INFO - Stored 512 embeddings in vector store.
[ 2025-10-31 23:22:54,678 ] 83 Embedder - INFO - Stored 512 embeddings in vector store.
[ 2025-10-31 23:22:55,955 ] 83 Embedder - INFO - Stored 512 embeddings in vector store.
[ 2025-10-31 23:22:57,225 ] 83 Embedder - INFO - Stored 512 embeddings in vector store.
[ 2025-10-31 23:22:58,518 ] 83 Embedder - INFO - Stored 512 embeddings in vector store.
[ 2025-10-31 23:22:59,798 ] 83 Embedder - INFO - Stored 512 embeddings in vector store.
[ 2025-10-31 23:23:01,123 ] 83 Embedder - INFO - Stored 512 embeddings in vector store.
[ 2025-10-31 23:23:02,481 ] 83 Embedder - INFO - Stored 512 embeddings in vector store.
[ 2025-10-31 23:23:03,792 ] 83 Embedder - INFO - Stored 512 embeddings in vector store.
[ 2025-10-31 23:23:05,101 ] 83 Embedder - INFO - Stored 512 embeddings in vector store.
[ 2025-10-31 23:23:06,426 ] 83 Embedder - INFO - Stored 512 embeddings in vector store.
[ 2025-10-31 23:23:07,714 ] 83 Embedder - INFO - Stored 512 embeddings in vector store.
[ 2025-10-31 23:23:09,032 ] 83 Embedder - INFO - Stored 512 embeddings in vector store.
[ 2025-10-31 23:23:10,390 ] 83 Embedder - INFO - Stored 512 embeddings in vector store.
[ 2025-10-31 23:23:11,699 ] 83 Embedder - INFO - Stored 512 embeddings in vector store.
[ 2025-10-31 23:23:13,031 ] 83 Embedder - INFO - Stored 512 embeddings in vector store.
[ 2025-10-31 23:23:14,355 ] 83 Embedder - INFO - Stored 512 embeddings in vector store.
[ 2025-10-31 23:23:15,662 ] 83 Embedder - INFO - Stored 512 embeddings in vector store.
[ 2025-10-31 23:23:16,953 ] 83 Embedder - INFO - Stored 512 embeddings in vector store.
[ 2025-10-31 23:23:18,248 ] 83 Embedder - INFO - Stored 512 embeddings in vector store.
[ 2025-10-31 23:23:19,621 ] 83 Embedder - INFO - Stored 512 embeddings in vector store.
[ 2025-10-31 23:23:20,918 ] 83 Embedder - INFO - Stored 512 embeddings in vector store.
[ 2025-10-31 23:23:22,206 ] 83 Embedder - INFO - Stored 512 embeddings in vector store.
[ 2025-10-31 23:23:23,491 ] 83 Embedder - INFO - Stored 512 embeddings in vector store.
[ 2025-10-31 23:23:24,818 ] 83 Embedder - INFO - Stored 512 embeddings in vector store.
[ 2025-10-31 23:23:26,174 ] 83 Embedder - INFO - Stored 512 embeddings in vector store.
[ 2025-10-31 23:23:27,550 ] 83 Embedder - INFO - Stored 512 embeddings in vector store.
[ 2025-10-31 23:23:29,025 ] 83 Embedder - INFO - Stored 512 embeddings in vector store.
[ 2025-10-31 23:23:30,400 ] 83 Embedder - INFO - Stored 512 embeddings in vector store.
[ 2025-10-31 23:23:31,680 ] 83 Embedder - INFO - Stored 512 embeddings in vector store.
[ 2025-10-31 23:23:32,966 ] 83 Embedder - INFO - Stored 512 embeddings in vector store.
[ 2025-10-31 23:23:34,248 ] 83 Embedder - INFO - Stored 512 embeddings in vector store.
[ 2025-10-31 23:23:35,530 ] 83 Embedder - INFO - Stored 512 embeddings in vector store.
[ 2025-10-31 23:23:36,803 ] 83 Embedder - INFO - Stored 512 embeddings in vector store.
[ 2025-10-31 23:23:38,088 ] 83 Embedder - INFO - Stored 512 embeddings in vector store.
[ 2025-10-31 23:23:39,360 ] 83 Embedder - INFO - Stored 512 embeddings in vector store.
[ 2025-10-31 23:23:40,652 ] 83 Embedder - INFO - Stored 512 embeddings in vector store.
[ 2025-10-31 23:23:41,923 ] 83 Embedder - INFO - Stored 512 embeddings in vector store.
[ 2025-10-31 23:23:43,205 ] 83 Embedder - INFO - Stored 512 embeddings in vector store.
[ 2025-10-31 23:23:44,479 ] 83 Embedder - INFO - Stored 512 embeddings in vector store.
[ 2025-10-31 23:23:45,753 ] 83 Embedder - INFO - Stored 512 embeddings in vector store.
[ 2025-10-31 23:23:47,038 ] 83 Embedder - INFO - Stored 512 embeddings in vector store.
[ 2025-10-31 23:23:48,331 ] 83 Embedder - INFO - Stored 512 embeddings in vector store.
[ 2025-10-31 23:23:49,614 ] 83 Embedder - INFO - Stored 512 embeddings in vector store.
[ 2025-10-31 23:23:50,958 ] 83 Embedder - INFO - Stored 512 embeddings in vector store.
[ 2025-10-31 23:23:52,399 ] 83 Embedder - INFO - Stored 512 embeddings in vector store.
[ 2025-10-31 23:23:53,721 ] 83 Embedder - INFO - Stored 512 embeddings in vector store.
[ 2025-10-31 23:23:55,005 ] 83 Embedder - INFO - Stored 512 embeddings in vector store.
[ 2025-10-31 23:23:56,291 ] 83 Embedder - INFO - Stored 512 embeddings in vector store.
[ 2025-10-31 23:23:57,606 ] 83 Embedder - INFO - Stored 512 embeddings in vector store.
[ 2025-10-31 23:23:58,903 ] 83 Embedder - INFO - Stored 512 embeddings in vector store.
[ 2025-10-31 23:24:00,338 ] 83 Embedder - INFO - Stored 512 embeddings in vector store.
[ 2025-10-31 23:24:01,715 ] 83 Embedder - INFO - Stored 512 embeddings in vector store.
[ 2025-10-31 23:24:03,074 ] 83 Embedder - INFO - Stored 512 embeddings in vector store.
[ 2025-10-31 23:24:04,453 ] 83 Embedder - INFO - Stored 512 embeddings in vector store.
[ 2025-10-31 23:24:06,016 ] 83 Embedder - INFO - Stored 512 embeddings in vector store.
[ 2025-10-31 23:24:07,430 ] 83 Embedder - INFO - Stored 512 embeddings in vector store.
[ 2025-10-31 23:24:08,755 ] 83 Embedder - INFO - Stored 512 embeddings in vector store.
[ 2025-10-31 23:24:10,044 ] 83 Embedder - INFO - Stored 512 embeddings in vector store.
[ 2025-10-31 23:24:11,329 ] 83 Embedder - INFO - Stored 512 embeddings in vector store.
[ 2025-10-31 23:24:12,641 ] 83 Embedder - INFO - Stored 512 embeddings in vector store.
[ 2025-10-31 23:24:13,945 ] 83 Embedder - INFO - Stored 512 embeddings in vector store.
[ 2025-10-31 23:24:15,331 ] 83 Embedder - INFO - Stored 512 embeddings in vector store.
[ 2025-10-31 23:24:16,660 ] 83 Embedder - INFO - Stored 512 embeddings in vector store.
[ 2025-10-31 23:24:17,931 ] 83 Embedder - INFO - Stored 512 embeddings in vector store.
[ 2025-10-31 23:24:19,232 ] 83 Embedder - INFO - Stored 512 embeddings in vector store.
[ 2025-10-31 23:24:20,569 ] 83 Embedder - INFO - Stored 512 embeddings in vector store.
[ 2025-10-31 23:24:21,886 ] 83 Embedder - INFO - Stored 512 embeddings in vector store.
[ 2025-10-31 23:24:23,185 ] 83 Embedder - INFO - Stored 512 embeddings in vector store.
[ 2025-10-31 23:24:24,598 ] 83 Embedder - INFO - Stored 512 embeddings in vector store.
[ 2025-10-31 23:24:26,038 ] 83 Embedder - INFO - Stored 512 embeddings in vector store.
[ 2025-10-31 23:24:27,324 ] 83 Embedder - INFO - Stored 512 embeddings in vector store.
[ 2025-10-31 23:24:28,667 ] 83 Embedder - INFO - Stored 512 embeddings in vector store.
[ 2025-10-31 23:24:29,993 ] 83 Embedder - INFO - Stored 512 embeddings in vector store.
[ 2025-10-31 23:24:31,330 ] 83 Embedder - INFO - Stored 512 embeddings in vector store.
[ 2025-10-31 23:24:32,659 ] 83 Embedder - INFO - Stored 512 embeddings in vector store.
[ 2025-10-31 23:24:34,061 ] 83 Embedder - INFO - Stored 512 embeddings in vector store.
[ 2025-10-31 23:24:35,332 ] 83 Embedder - INFO - Stored 512 embeddings in vector store.
[ 2025-10-31 23:24:36,625 ] 83 Embedder - INFO - Stored 512 embeddings in vector store.
[ 2025-10-31 23:24:37,891 ] 83 Embedder - INFO - Stored 512 embeddings in vector store.
[ 2025-10-31 23:24:39,175 ] 83 Embedder - INFO - Stored 512 embeddings in vector store.
[ 2025-10-31 23:24:40,500 ] 83 Embedder - INFO - Stored 512 embeddings in vector store.
[ 2025-10-31 23:24:41,943 ] 83 Embedder - INFO - Stored 512 embeddings in vector store.
[ 2025-10-31 23:24:43,215 ] 83 Embedder - INFO - Stored 512 embeddings in vector store.
[ 2025-10-31 23:24:44,528 ] 83 Embedder - INFO - Stored 512 embeddings in vector store.
[ 2025-10-31 23:24:45,827 ] 83 Embedder - INFO - Stored 512 embeddings in vector store.
[ 2025-10-31 23:24:47,124 ] 83 Embedder - INFO - Stored 512 embeddings in vector store.
[ 2025-10-31 23:24:48,460 ] 83 Embedder - INFO - Stored 512 embeddings in vector store.
[ 2025-10-31 23:24:49,719 ] 83 Embedder - INFO - Stored 512 embeddings in vector store.
[ 2025-10-31 23:24:51,041 ] 83 Embedder - INFO - Stored 512 embeddings in vector store.
[ 2025-10-31 23:24:52,329 ] 83 Embedder - INFO - Stored 512 embeddings in vector store.
[ 2025-10-31 23:24:53,620 ] 83 Embedder - INFO - Stored 512 embeddings in vector store.
[ 2025-10-31 23:24:54,998 ] 83 Embedder - INFO - Stored 512 embeddings in vector store.
[ 2025-10-31 23:24:56,329 ] 83 Embedder - INFO - Stored 512 embeddings in vector store.
[ 2025-10-31 23:24:57,680 ] 83 Embedder - INFO - Stored 512 embeddings in vector store.
[ 2025-10-31 23:24:59,056 ] 83 Embedder - INFO - Stored 512 embeddings in vector store.
[ 2025-10-31 23:25:00,540 ] 83 Embedder - INFO - Stored 512 embeddings in vector store.
[ 2025-10-31 23:25:02,010 ] 83 Embedder - INFO - Stored 512 embeddings in vector store.
[ 2025-10-31 23:25:03,285 ] 83 Embedder - INFO - Stored 512 embeddings in vector store.
[ 2025-10-31 23:25:04,590 ] 83 Embedder - INFO - Stored 512 embeddings in vector store.
[ 2025-10-31 23:25:05,870 ] 83 Embedder - INFO - Stored 512 embeddings in vector store.
[ 2025-10-31 23:25:07,145 ] 83 Embedder - INFO - Stored 512 embeddings in vector store.
[ 2025-10-31 23:25:08,418 ] 83 Embedder - INFO - Stored 512 embeddings in vector store.
[ 2025-10-31 23:25:09,684 ] 83 Embedder - INFO - Stored 512 embeddings in vector store.
[ 2025-10-31 23:25:11,025 ] 83 Embedder - INFO - Stored 512 embeddings in vector store.
[ 2025-10-31 23:25:12,272 ] 83 Embedder - INFO - Stored 512 embeddings in vector store.
[ 2025-10-31 23:25:13,615 ] 83 Embedder - INFO - Stored 512 embeddings in vector store.
[ 2025-10-31 23:25:14,892 ] 83 Embedder - INFO - Stored 512 embeddings in vector store.
[ 2025-10-31 23:25:16,167 ] 83 Embedder - INFO - Stored 512 embeddings in vector store.
[ 2025-10-31 23:25:17,517 ] 83 Embedder - INFO - Stored 512 embeddings in vector store.
[ 2025-10-31 23:25:18,899 ] 83 Embedder - INFO - Stored 512 embeddings in vector store.
[ 2025-10-31 23:25:20,333 ] 83 Embedder - INFO - Stored 512 embeddings in vector store.
[ 2025-10-31 23:25:21,858 ] 83 Embedder - INFO - Stored 512 embeddings in vector store.
[ 2025-10-31 23:25:23,250 ] 83 Embedder - INFO - Stored 512 embeddings in vector store.
[ 2025-10-31 23:25:24,649 ] 83 Embedder - INFO - Stored 512 embeddings in vector store.
[ 2025-10-31 23:25:25,959 ] 83 Embedder - INFO - Stored 512 embeddings in vector store.
[ 2025-10-31 23:25:27,302 ] 83 Embedder - INFO - Stored 512 embeddings in vector store.
[ 2025-10-31 23:25:28,801 ] 83 Embedder - INFO - Stored 512 embeddings in vector store.
[ 2025-10-31 23:25:30,198 ] 83 Embedder - INFO - Stored 512 embeddings in vector store.
[ 2025-10-31 23:25:31,607 ] 83 Embedder - INFO - Stored 512 embeddings in vector store.
[ 2025-10-31 23:25:33,137 ] 83 Embedder - INFO - Stored 512 embeddings in vector store.
[ 2025-10-31 23:25:34,591 ] 83 Embedder - INFO - Stored 512 embeddings in vector store.
[ 2025-10-31 23:25:35,907 ] 83 Embedder - INFO - Stored 512 embeddings in vector store.
[ 2025-10-31 23:25:37,210 ] 83 Embedder - INFO - Stored 512 embeddings in vector store.
[ 2025-10-31 23:25:38,532 ] 83 Embedder - INFO - Stored 512 embeddings in vector store.
[ 2025-10-31 23:25:39,904 ] 83 Embedder - INFO - Stored 512 embeddings in vector store.
[ 2025-10-31 23:25:41,296 ] 83 Embedder - INFO - Stored 512 embeddings in vector store.
[ 2025-10-31 23:25:42,682 ] 83 Embedder - INFO - Stored 512 embeddings in vector store.
[ 2025-10-31 23:25:44,042 ] 83 Embedder - INFO - Stored 512 embeddings in vector store.
[ 2025-10-31 23:25:45,452 ] 83 Embedder - INFO - Stored 512 embeddings in vector store.
[ 2025-10-31 23:25:46,860 ] 83 Embedder - INFO - Stored 512 embeddings in vector store.
[ 2025-10-31 23:25:48,297 ] 83 Embedder - INFO - Stored 512 embeddings in vector store.
[ 2025-10-31 23:25:49,787 ] 83 Embedder - INFO - Stored 512 embeddings in vector store.
[ 2025-10-31 23:25:51,110 ] 83 Embedder - INFO - Stored 512 embeddings in vector store.
[ 2025-10-31 23:25:52,664 ] 83 Embedder - INFO - Stored 512 embeddings in vector store.
[ 2025-10-31 23:25:54,092 ] 83 Embedder - INFO - Stored 512 embeddings in vector store.
[ 2025-10-31 23:25:55,447 ] 83 Embedder - INFO - Stored 512 embeddings in vector store.
[ 2025-10-31 23:25:56,798 ] 83 Embedder - INFO - Stored 512 embeddings in vector store.
[ 2025-10-31 23:25:58,117 ] 83 Embedder - INFO - Stored 512 embeddings in vector store.
[ 2025-10-31 23:25:59,413 ] 83 Embedder - INFO - Stored 512 embeddings in vector store.
[ 2025-10-31 23:26:00,922 ] 83 Embedder - INFO - Stored 512 embeddings in vector store.
[ 2025-10-31 23:26:02,229 ] 83 Embedder - INFO - Stored 512 embeddings in vector store.
[ 2025-10-31 23:26:03,504 ] 83 Embedder - INFO - Stored 512 embeddings in vector store.
[ 2025-10-31 23:26:04,797 ] 83 Embedder - INFO - Stored 512 embeddings in vector store.
[ 2025-10-31 23:26:06,113 ] 83 Embedder - INFO - Stored 512 embeddings in vector store.
[ 2025-10-31 23:26:07,417 ] 83 Embedder - INFO - Stored 512 embeddings in vector store.
[ 2025-10-31 23:26:08,734 ] 83 Embedder - INFO - Stored 512 embeddings in vector store.
[ 2025-10-31 23:26:10,038 ] 83 Embedder - INFO - Stored 512 embeddings in vector store.
[ 2025-10-31 23:26:11,352 ] 83 Embedder - INFO - Stored 512 embeddings in vector store.
[ 2025-10-31 23:26:12,624 ] 83 Embedder - INFO - Stored 512 embeddings in vector store.
[ 2025-10-31 23:26:13,936 ] 83 Embedder - INFO - Stored 512 embeddings in vector store.
[ 2025-10-31 23:26:15,223 ] 83 Embedder - INFO - Stored 512 embeddings in vector store.
[ 2025-10-31 23:26:16,610 ] 83 Embedder - INFO - Stored 512 embeddings in vector store.
[ 2025-10-31 23:26:17,962 ] 83 Embedder - INFO - Stored 512 embeddings in vector store.
[ 2025-10-31 23:26:19,487 ] 83 Embedder - INFO - Stored 512 embeddings in vector store.
[ 2025-10-31 23:26:21,001 ] 83 Embedder - INFO - Stored 512 embeddings in vector store.
[ 2025-10-31 23:26:22,585 ] 83 Embedder - INFO - Stored 512 embeddings in vector store.
[ 2025-10-31 23:26:24,088 ] 83 Embedder - INFO - Stored 512 embeddings in vector store.
[ 2025-10-31 23:26:25,465 ] 83 Embedder - INFO - Stored 512 embeddings in vector store.
[ 2025-10-31 23:26:26,873 ] 83 Embedder - INFO - Stored 512 embeddings in vector store.
[ 2025-10-31 23:26:28,145 ] 83 Embedder - INFO - Stored 512 embeddings in vector store.
[ 2025-10-31 23:26:29,473 ] 83 Embedder - INFO - Stored 512 embeddings in vector store.
[ 2025-10-31 23:26:30,743 ] 83 Embedder - INFO - Stored 512 embeddings in vector store.
[ 2025-10-31 23:26:32,006 ] 83 Embedder - INFO - Stored 512 embeddings in vector store.
[ 2025-10-31 23:26:33,278 ] 83 Embedder - INFO - Stored 512 embeddings in vector store.
[ 2025-10-31 23:26:34,536 ] 83 Embedder - INFO - Stored 512 embeddings in vector store.
[ 2025-10-31 23:26:35,899 ] 83 Embedder - INFO - Stored 512 embeddings in vector store.
[ 2025-10-31 23:26:37,190 ] 83 Embedder - INFO - Stored 512 embeddings in vector store.
[ 2025-10-31 23:26:38,586 ] 83 Embedder - INFO - Stored 512 embeddings in vector store.
[ 2025-10-31 23:26:40,016 ] 83 Embedder - INFO - Stored 512 embeddings in vector store.
[ 2025-10-31 23:26:41,491 ] 83 Embedder - INFO - Stored 512 embeddings in vector store.
[ 2025-10-31 23:26:42,810 ] 83 Embedder - INFO - Stored 512 embeddings in vector store.
[ 2025-10-31 23:26:44,118 ] 83 Embedder - INFO - Stored 512 embeddings in vector store.
[ 2025-10-31 23:26:45,490 ] 83 Embedder - INFO - Stored 512 embeddings in vector store.
[ 2025-10-31 23:26:46,760 ] 83 Embedder - INFO - Stored 512 embeddings in vector store.
[ 2025-10-31 23:26:48,056 ] 83 Embedder - INFO - Stored 512 embeddings in vector store.
[ 2025-10-31 23:26:49,325 ] 83 Embedder - INFO - Stored 512 embeddings in vector store.
[ 2025-10-31 23:26:50,558 ] 83 Embedder - INFO - Stored 512 embeddings in vector store.
[ 2025-10-31 23:26:51,886 ] 83 Embedder - INFO - Stored 512 embeddings in vector store.
[ 2025-10-31 23:26:53,409 ] 83 Embedder - INFO - Stored 512 embeddings in vector store.
[ 2025-10-31 23:26:54,883 ] 83 Embedder - INFO - Stored 512 embeddings in vector store.
[ 2025-10-31 23:26:56,356 ] 83 Embedder - INFO - Stored 512 embeddings in vector store.
[ 2025-10-31 23:26:57,764 ] 83 Embedder - INFO - Stored 512 embeddings in vector store.
[ 2025-10-31 23:26:59,208 ] 83 Embedder - INFO - Stored 512 embeddings in vector store.
[ 2025-10-31 23:27:00,525 ] 83 Embedder - INFO - Stored 512 embeddings in vector store.
[ 2025-10-31 23:27:01,870 ] 83 Embedder - INFO - Stored 512 embeddings in vector store.
[ 2025-10-31 23:27:03,297 ] 83 Embedder - INFO - Stored 512 embeddings in vector store.
[ 2025-10-31 23:27:04,618 ] 83 Embedder - INFO - Stored 512 embeddings in vector store.
[ 2025-10-31 23:27:05,948 ] 83 Embedder - INFO - Stored 512 embeddings in vector store.
[ 2025-10-31 23:27:07,282 ] 83 Embedder - INFO - Stored 512 embeddings in vector store.
[ 2025-10-31 23:27:08,754 ] 83 Embedder - INFO - Stored 512 embeddings in vector store.
[ 2025-10-31 23:27:10,107 ] 83 Embedder - INFO - Stored 512 embeddings in vector store.
[ 2025-10-31 23:27:11,538 ] 83 Embedder - INFO - Stored 512 embeddings in vector store.
[ 2025-10-31 23:27:12,932 ] 83 Embedder - INFO - Stored 512 embeddings in vector store.
[ 2025-10-31 23:27:14,331 ] 83 Embedder - INFO - Stored 512 embeddings in vector store.
[ 2025-10-31 23:27:15,709 ] 83 Embedder - INFO - Stored 512 embeddings in vector store.
[ 2025-10-31 23:27:17,226 ] 83 Embedder - INFO - Stored 512 embeddings in vector store.
[ 2025-10-31 23:27:18,711 ] 83 Embedder - INFO - Stored 512 embeddings in vector store.
[ 2025-10-31 23:27:20,235 ] 83 Embedder - INFO - Stored 512 embeddings in vector store.
[ 2025-10-31 23:27:21,784 ] 83 Embedder - INFO - Stored 512 embeddings in vector store.
[ 2025-10-31 23:27:23,323 ] 83 Embedder - INFO - Stored 512 embeddings in vector store.
[ 2025-10-31 23:27:24,754 ] 83 Embedder - INFO - Stored 512 embeddings in vector store.
[ 2025-10-31 23:27:26,236 ] 83 Embedder - INFO - Stored 512 embeddings in vector store.
[ 2025-10-31 23:27:27,590 ] 83 Embedder - INFO - Stored 512 embeddings in vector store.
[ 2025-10-31 23:27:29,209 ] 83 Embedder - INFO - Stored 512 embeddings in vector store.
[ 2025-10-31 23:27:30,763 ] 83 Embedder - INFO - Stored 512 embeddings in vector store.
[ 2025-10-31 23:27:32,299 ] 83 Embedder - INFO - Stored 512 embeddings in vector store.
[ 2025-10-31 23:27:34,038 ] 83 Embedder - INFO - Stored 512 embeddings in vector store.
[ 2025-10-31 23:27:35,453 ] 83 Embedder - INFO - Stored 512 embeddings in vector store.
[ 2025-10-31 23:27:36,824 ] 83 Embedder - INFO - Stored 512 embeddings in vector store.
[ 2025-10-31 23:27:38,182 ] 83 Embedder - INFO - Stored 512 embeddings in vector store.
[ 2025-10-31 23:27:39,818 ] 83 Embedder - INFO - Stored 512 embeddings in vector store.
[ 2025-10-31 23:27:41,204 ] 83 Embedder - INFO - Stored 512 embeddings in vector store.
[ 2025-10-31 23:27:42,620 ] 83 Embedder - INFO - Stored 512 embeddings in vector store.
[ 2025-10-31 23:27:44,059 ] 83 Embedder - INFO - Stored 512 embeddings in vector store.
[ 2025-10-31 23:27:45,416 ] 83 Embedder - INFO - Stored 512 embeddings in vector store.
[ 2025-10-31 23:27:46,772 ] 83 Embedder - INFO - Stored 512 embeddings in vector store.
[ 2025-10-31 23:27:48,321 ] 83 Embedder - INFO - Stored 512 embeddings in vector store.
[ 2025-10-31 23:27:49,709 ] 83 Embedder - INFO - Stored 512 embeddings in vector store.
[ 2025-10-31 23:27:51,066 ] 83 Embedder - INFO - Stored 512 embeddings in vector store.
[ 2025-10-31 23:27:52,432 ] 83 Embedder - INFO - Stored 512 embeddings in vector store.
[ 2025-10-31 23:27:53,825 ] 83 Embedder - INFO - Stored 512 embeddings in vector store.
[ 2025-10-31 23:27:55,235 ] 83 Embedder - INFO - Stored 512 embeddings in vector store.
[ 2025-10-31 23:27:56,577 ] 83 Embedder - INFO - Stored 512 embeddings in vector store.
[ 2025-10-31 23:27:57,905 ] 83 Embedder - INFO - Stored 512 embeddings in vector store.
[ 2025-10-31 23:27:59,217 ] 83 Embedder - INFO - Stored 512 embeddings in vector store.
[ 2025-10-31 23:28:00,643 ] 83 Embedder - INFO - Stored 512 embeddings in vector store.
[ 2025-10-31 23:28:02,259 ] 83 Embedder - INFO - Stored 512 embeddings in vector store.
[ 2025-10-31 23:28:03,766 ] 83 Embedder - INFO - Stored 512 embeddings in vector store.
[ 2025-10-31 23:28:05,136 ] 83 Embedder - INFO - Stored 512 embeddings in vector store.
[ 2025-10-31 23:28:06,517 ] 83 Embedder - INFO - Stored 512 embeddings in vector store.
[ 2025-10-31 23:28:08,086 ] 83 Embedder - INFO - Stored 512 embeddings in vector store.
[ 2025-10-31 23:28:09,547 ] 83 Embedder - INFO - Stored 512 embeddings in vector store.
[ 2025-10-31 23:28:10,901 ] 83 Embedder - INFO - Stored 512 embeddings in vector store.
[ 2025-10-31 23:28:12,315 ] 83 Embedder - INFO - Stored 512 embeddings in vector store.
[ 2025-10-31 23:28:13,687 ] 83 Embedder - INFO - Stored 512 embeddings in vector store.
[ 2025-10-31 23:28:15,158 ] 83 Embedder - INFO - Stored 512 embeddings in vector store.
[ 2025-10-31 23:28:16,722 ] 83 Embedder - INFO - Stored 512 embeddings in vector store.
[ 2025-10-31 23:28:18,046 ] 83 Embedder - INFO - Stored 512 embeddings in vector store.
[ 2025-10-31 23:28:19,403 ] 83 Embedder - INFO - Stored 512 embeddings in vector store.
[ 2025-10-31 23:28:20,770 ] 83 Embedder - INFO - Stored 512 embeddings in vector store.
[ 2025-10-31 23:28:22,150 ] 83 Embedder - INFO - Stored 512 embeddings in vector store.
[ 2025-10-31 23:28:23,517 ] 83 Embedder - INFO - Stored 512 embeddings in vector store.
[ 2025-10-31 23:28:24,902 ] 83 Embedder - INFO - Stored 512 embeddings in vector store.
[ 2025-10-31 23:28:26,287 ] 83 Embedder - INFO - Stored 512 embeddings in vector store.
[ 2025-10-31 23:28:27,671 ] 83 Embedder - INFO - Stored 512 embeddings in vector store.
[ 2025-10-31 23:28:29,068 ] 83 Embedder - INFO - Stored 512 embeddings in vector store.
[ 2025-10-31 23:28:30,443 ] 83 Embedder - INFO - Stored 512 embeddings in vector store.
[ 2025-10-31 23:28:31,898 ] 83 Embedder - INFO - Stored 512 embeddings in vector store.
[ 2025-10-31 23:28:33,244 ] 83 Embedder - INFO - Stored 512 embeddings in vector store.
[ 2025-10-31 23:28:34,589 ] 83 Embedder - INFO - Stored 512 embeddings in vector store.
[ 2025-10-31 23:28:35,966 ] 83 Embedder - INFO - Stored 512 embeddings in vector store.
[ 2025-10-31 23:28:37,317 ] 83 Embedder - INFO - Stored 512 embeddings in vector store.
[ 2025-10-31 23:28:38,685 ] 83 Embedder - INFO - Stored 512 embeddings in vector store.
[ 2025-10-31 23:28:40,061 ] 83 Embedder - INFO - Stored 512 embeddings in vector store.
[ 2025-10-31 23:28:41,410 ] 83 Embedder - INFO - Stored 512 embeddings in vector store.
[ 2025-10-31 23:28:42,875 ] 83 Embedder - INFO - Stored 512 embeddings in vector store.
[ 2025-10-31 23:28:44,232 ] 83 Embedder - INFO - Stored 512 embeddings in vector store.
[ 2025-10-31 23:28:45,634 ] 83 Embedder - INFO - Stored 512 embeddings in vector store.
[ 2025-10-31 23:28:47,004 ] 83 Embedder - INFO - Stored 512 embeddings in vector store.
[ 2025-10-31 23:28:48,396 ] 83 Embedder - INFO - Stored 512 embeddings in vector store.
[ 2025-10-31 23:28:49,819 ] 83 Embedder - INFO - Stored 512 embeddings in vector store.
[ 2025-10-31 23:28:51,354 ] 83 Embedder - INFO - Stored 512 embeddings in vector store.
[ 2025-10-31 23:28:52,741 ] 83 Embedder - INFO - Stored 512 embeddings in vector store.
[ 2025-10-31 23:28:54,119 ] 83 Embedder - INFO - Stored 512 embeddings in vector store.
[ 2025-10-31 23:28:55,525 ] 83 Embedder - INFO - Stored 512 embeddings in vector store.
[ 2025-10-31 23:28:56,944 ] 83 Embedder - INFO - Stored 512 embeddings in vector store.
[ 2025-10-31 23:28:58,321 ] 83 Embedder - INFO - Stored 512 embeddings in vector store.
[ 2025-10-31 23:28:59,706 ] 83 Embedder - INFO - Stored 512 embeddings in vector store.
[ 2025-10-31 23:29:01,187 ] 83 Embedder - INFO - Stored 512 embeddings in vector store.
[ 2025-10-31 23:29:02,536 ] 83 Embedder - INFO - Stored 512 embeddings in vector store.
[ 2025-10-31 23:29:03,961 ] 83 Embedder - INFO - Stored 512 embeddings in vector store.
[ 2025-10-31 23:29:05,424 ] 83 Embedder - INFO - Stored 512 embeddings in vector store.
[ 2025-10-31 23:29:06,914 ] 83 Embedder - INFO - Stored 512 embeddings in vector store.
[ 2025-10-31 23:29:08,259 ] 83 Embedder - INFO - Stored 512 embeddings in vector store.
[ 2025-10-31 23:29:09,590 ] 83 Embedder - INFO - Stored 512 embeddings in vector store.
[ 2025-10-31 23:29:10,952 ] 83 Embedder - INFO - Stored 512 embeddings in vector store.
[ 2025-10-31 23:29:12,614 ] 83 Embedder - INFO - Stored 512 embeddings in vector store.
[ 2025-10-31 23:29:14,164 ] 83 Embedder - INFO - Stored 512 embeddings in vector store.
[ 2025-10-31 23:29:15,523 ] 83 Embedder - INFO - Stored 512 embeddings in vector store.
[ 2025-10-31 23:29:16,868 ] 83 Embedder - INFO - Stored 512 embeddings in vector store.
[ 2025-10-31 23:29:18,223 ] 83 Embedder - INFO - Stored 512 embeddings in vector store.
[ 2025-10-31 23:29:19,463 ] 83 Embedder - INFO - Stored 512 embeddings in vector store.
[ 2025-10-31 23:29:20,688 ] 83 Embedder - INFO - Stored 512 embeddings in vector store.
[ 2025-10-31 23:29:21,943 ] 83 Embedder - INFO - Stored 512 embeddings in vector store.
[ 2025-10-31 23:29:23,524 ] 83 Embedder - INFO - Stored 512 embeddings in vector store.
[ 2025-10-31 23:29:24,961 ] 83 Embedder - INFO - Stored 512 embeddings in vector store.
[ 2025-10-31 23:29:26,275 ] 83 Embedder - INFO - Stored 512 embeddings in vector store.
[ 2025-10-31 23:29:27,714 ] 83 Embedder - INFO - Stored 512 embeddings in vector store.
[ 2025-10-31 23:29:29,056 ] 83 Embedder - INFO - Stored 512 embeddings in vector store.
[ 2025-10-31 23:29:30,318 ] 83 Embedder - INFO - Stored 512 embeddings in vector store.
[ 2025-10-31 23:29:31,830 ] 83 Embedder - INFO - Stored 512 embeddings in vector store.
[ 2025-10-31 23:29:33,132 ] 83 Embedder - INFO - Stored 512 embeddings in vector store.
[ 2025-10-31 23:29:34,503 ] 83 Embedder - INFO - Stored 512 embeddings in vector store.
[ 2025-10-31 23:29:35,850 ] 83 Embedder - INFO - Stored 512 embeddings in vector store.
[ 2025-10-31 23:29:37,149 ] 83 Embedder - INFO - Stored 512 embeddings in vector store.
[ 2025-10-31 23:29:38,441 ] 83 Embedder - INFO - Stored 512 embeddings in vector store.
[ 2025-10-31 23:29:39,788 ] 83 Embedder - INFO - Stored 512 embeddings in vector store.
[ 2025-10-31 23:29:41,139 ] 83 Embedder - INFO - Stored 512 embeddings in vector store.
[ 2025-10-31 23:29:42,430 ] 83 Embedder - INFO - Stored 512 embeddings in vector store.
[ 2025-10-31 23:29:43,694 ] 83 Embedder - INFO - Stored 512 embeddings in vector store.
[ 2025-10-31 23:29:44,947 ] 83 Embedder - INFO - Stored 512 embeddings in vector store.
[ 2025-10-31 23:29:46,322 ] 83 Embedder - INFO - Stored 512 embeddings in vector store.
[ 2025-10-31 23:29:47,609 ] 83 Embedder - INFO - Stored 512 embeddings in vector store.
[ 2025-10-31 23:29:48,882 ] 83 Embedder - INFO - Stored 512 embeddings in vector store.
[ 2025-10-31 23:29:50,200 ] 83 Embedder - INFO - Stored 512 embeddings in vector store.
[ 2025-10-31 23:29:51,513 ] 83 Embedder - INFO - Stored 512 embeddings in vector store.
[ 2025-10-31 23:29:52,809 ] 83 Embedder - INFO - Stored 512 embeddings in vector store.
[ 2025-10-31 23:29:54,111 ] 83 Embedder - INFO - Stored 512 embeddings in vector store.
[ 2025-10-31 23:29:55,359 ] 83 Embedder - INFO - Stored 512 embeddings in vector store.
[ 2025-10-31 23:29:56,701 ] 83 Embedder - INFO - Stored 512 embeddings in vector store.
[ 2025-10-31 23:29:57,977 ] 83 Embedder - INFO - Stored 512 embeddings in vector store.
[ 2025-10-31 23:29:59,284 ] 83 Embedder - INFO - Stored 512 embeddings in vector store.
[ 2025-10-31 23:30:00,575 ] 83 Embedder - INFO - Stored 512 embeddings in vector store.
[ 2025-10-31 23:30:01,888 ] 83 Embedder - INFO - Stored 512 embeddings in vector store.
[ 2025-10-31 23:30:03,151 ] 83 Embedder - INFO - Stored 512 embeddings in vector store.
[ 2025-10-31 23:30:04,447 ] 83 Embedder - INFO - Stored 512 embeddings in vector store.
[ 2025-10-31 23:30:05,725 ] 83 Embedder - INFO - Stored 512 embeddings in vector store.
[ 2025-10-31 23:30:07,021 ] 83 Embedder - INFO - Stored 512 embeddings in vector store.
[ 2025-10-31 23:30:08,281 ] 83 Embedder - INFO - Stored 512 embeddings in vector store.
[ 2025-10-31 23:30:09,533 ] 83 Embedder - INFO - Stored 512 embeddings in vector store.
[ 2025-10-31 23:30:10,803 ] 83 Embedder - INFO - Stored 512 embeddings in vector store.
[ 2025-10-31 23:30:12,067 ] 83 Embedder - INFO - Stored 512 embeddings in vector store.
[ 2025-10-31 23:30:13,389 ] 83 Embedder - INFO - Stored 512 embeddings in vector store.
[ 2025-10-31 23:30:14,685 ] 83 Embedder - INFO - Stored 512 embeddings in vector store.
[ 2025-10-31 23:30:15,946 ] 83 Embedder - INFO - Stored 512 embeddings in vector store.
[ 2025-10-31 23:30:17,203 ] 83 Embedder - INFO - Stored 512 embeddings in vector store.
[ 2025-10-31 23:30:18,468 ] 83 Embedder - INFO - Stored 512 embeddings in vector store.
[ 2025-10-31 23:30:19,744 ] 83 Embedder - INFO - Stored 512 embeddings in vector store.
[ 2025-10-31 23:30:21,040 ] 83 Embedder - INFO - Stored 512 embeddings in vector store.
[ 2025-10-31 23:30:22,309 ] 83 Embedder - INFO - Stored 512 embeddings in vector store.
[ 2025-10-31 23:30:23,573 ] 83 Embedder - INFO - Stored 512 embeddings in vector store.
[ 2025-10-31 23:30:24,871 ] 83 Embedder - INFO - Stored 512 embeddings in vector store.
[ 2025-10-31 23:30:26,157 ] 83 Embedder - INFO - Stored 512 embeddings in vector store.
[ 2025-10-31 23:30:27,442 ] 83 Embedder - INFO - Stored 512 embeddings in vector store.
[ 2025-10-31 23:30:28,767 ] 83 Embedder - INFO - Stored 512 embeddings in vector store.
[ 2025-10-31 23:30:30,040 ] 83 Embedder - INFO - Stored 512 embeddings in vector store.
[ 2025-10-31 23:30:31,314 ] 83 Embedder - INFO - Stored 512 embeddings in vector store.
[ 2025-10-31 23:30:32,591 ] 83 Embedder - INFO - Stored 512 embeddings in vector store.
[ 2025-10-31 23:30:33,879 ] 83 Embedder - INFO - Stored 512 embeddings in vector store.
[ 2025-10-31 23:30:35,166 ] 83 Embedder - INFO - Stored 512 embeddings in vector store.
[ 2025-10-31 23:30:36,537 ] 83 Embedder - INFO - Stored 512 embeddings in vector store.
[ 2025-10-31 23:30:37,822 ] 83 Embedder - INFO - Stored 512 embeddings in vector store.
[ 2025-10-31 23:30:39,085 ] 83 Embedder - INFO - Stored 512 embeddings in vector store.
[ 2025-10-31 23:30:40,373 ] 83 Embedder - INFO - Stored 512 embeddings in vector store.
[ 2025-10-31 23:30:41,696 ] 83 Embedder - INFO - Stored 512 embeddings in vector store.
[ 2025-10-31 23:30:43,255 ] 83 Embedder - INFO - Stored 512 embeddings in vector store.
[ 2025-10-31 23:30:44,704 ] 83 Embedder - INFO - Stored 512 embeddings in vector store.
[ 2025-10-31 23:30:46,023 ] 83 Embedder - INFO - Stored 512 embeddings in vector store.
[ 2025-10-31 23:30:47,703 ] 83 Embedder - INFO - Stored 512 embeddings in vector store.
[ 2025-10-31 23:30:49,120 ] 83 Embedder - INFO - Stored 512 embeddings in vector store.
[ 2025-10-31 23:30:50,443 ] 83 Embedder - INFO - Stored 512 embeddings in vector store.
[ 2025-10-31 23:30:51,723 ] 83 Embedder - INFO - Stored 512 embeddings in vector store.
[ 2025-10-31 23:30:52,988 ] 83 Embedder - INFO - Stored 512 embeddings in vector store.
[ 2025-10-31 23:30:54,318 ] 83 Embedder - INFO - Stored 512 embeddings in vector store.
[ 2025-10-31 23:30:55,574 ] 83 Embedder - INFO - Stored 512 embeddings in vector store.
[ 2025-10-31 23:30:56,843 ] 83 Embedder - INFO - Stored 512 embeddings in vector store.
[ 2025-10-31 23:30:58,128 ] 83 Embedder - INFO - Stored 512 embeddings in vector store.
[ 2025-10-31 23:30:59,406 ] 83 Embedder - INFO - Stored 512 embeddings in vector store.
[ 2025-10-31 23:31:00,668 ] 83 Embedder - INFO - Stored 512 embeddings in vector store.
[ 2025-10-31 23:31:01,974 ] 83 Embedder - INFO - Stored 512 embeddings in vector store.
[ 2025-10-31 23:31:03,292 ] 83 Embedder - INFO - Stored 512 embeddings in vector store.
[ 2025-10-31 23:31:04,564 ] 83 Embedder - INFO - Stored 512 embeddings in vector store.
[ 2025-10-31 23:31:05,828 ] 83 Embedder - INFO - Stored 512 embeddings in vector store.
[ 2025-10-31 23:31:07,107 ] 83 Embedder - INFO - Stored 512 embeddings in vector store.
[ 2025-10-31 23:31:08,422 ] 83 Embedder - INFO - Stored 512 embeddings in vector store.
[ 2025-10-31 23:31:09,801 ] 83 Embedder - INFO - Stored 512 embeddings in vector store.
[ 2025-10-31 23:31:11,145 ] 83 Embedder - INFO - Stored 512 embeddings in vector store.
[ 2025-10-31 23:31:12,516 ] 83 Embedder - INFO - Stored 512 embeddings in vector store.
[ 2025-10-31 23:31:13,982 ] 83 Embedder - INFO - Stored 512 embeddings in vector store.
[ 2025-10-31 23:31:15,244 ] 83 Embedder - INFO - Stored 512 embeddings in vector store.
[ 2025-10-31 23:31:16,580 ] 83 Embedder - INFO - Stored 512 embeddings in vector store.
[ 2025-10-31 23:31:17,937 ] 83 Embedder - INFO - Stored 512 embeddings in vector store.
[ 2025-10-31 23:31:19,506 ] 83 Embedder - INFO - Stored 512 embeddings in vector store.
[ 2025-10-31 23:31:20,698 ] 83 Embedder - INFO - Stored 512 embeddings in vector store.
[ 2025-10-31 23:31:21,948 ] 83 Embedder - INFO - Stored 512 embeddings in vector store.
[ 2025-10-31 23:31:23,424 ] 83 Embedder - INFO - Stored 512 embeddings in vector store.
