[ 2025-11-11 23:49:09,325 ] 79 RAGChatbot - INFO - Found 10 document(s) in Artifacts
[ 2025-11-11 23:49:09,325 ] 81 RAGChatbot - INFO -   - Abdullah Bin Noor Tazim - Machine learning Engineer.pdf
[ 2025-11-11 23:49:09,325 ] 81 RAGChatbot - INFO -   - Abdullah Tazim-Machine learning Engineer.pdf
[ 2025-11-11 23:49:09,325 ] 81 RAGChatbot - INFO -   - Formal_CV_Tamanna_Khatun (1).pdf
[ 2025-11-11 23:49:09,325 ] 81 RAGChatbot - INFO -   - Monira Updated CV.pdf
[ 2025-11-11 23:49:09,325 ] 81 RAGChatbot - INFO -   - Urbana-Resume (1).pdf
[ 2025-11-11 23:49:09,325 ] 81 RAGChatbot - INFO -   - Abdullah Bin Noor Tazim - Machine learning Engineer.pdf
[ 2025-11-11 23:49:09,325 ] 81 RAGChatbot - INFO -   - Abdullah Tazim-Machine learning Engineer.pdf
[ 2025-11-11 23:49:09,325 ] 81 RAGChatbot - INFO -   - Formal_CV_Tamanna_Khatun (1).pdf
[ 2025-11-11 23:49:09,325 ] 81 RAGChatbot - INFO -   - Monira Updated CV.pdf
[ 2025-11-11 23:49:09,325 ] 81 RAGChatbot - INFO -   - Urbana-Resume (1).pdf
[ 2025-11-11 23:49:09,325 ] 84 RAGChatbot - INFO - 
============================================================
[ 2025-11-11 23:49:09,325 ] 85 RAGChatbot - INFO - Step 1: Loading documents...
[ 2025-11-11 23:49:09,325 ] 86 RAGChatbot - INFO - ============================================================
[ 2025-11-11 23:49:09,861 ] 92 RAGChatbot - INFO - \u2705 Loaded 10 document(s)
[ 2025-11-11 23:49:09,861 ] 94 RAGChatbot - INFO -    Total content: 40,460 characters
[ 2025-11-11 23:49:09,861 ] 101 RAGChatbot - INFO - 
============================================================
[ 2025-11-11 23:49:09,861 ] 102 RAGChatbot - INFO - Step 2: Chunking documents with SemanticChunker...
[ 2025-11-11 23:49:09,861 ] 103 RAGChatbot - INFO - ============================================================
[ 2025-11-11 23:49:09,861 ] 227 sentence_transformers.SentenceTransformer - INFO - Load pretrained SentenceTransformer: ./models/all-mpnet-base-v2
[ 2025-11-11 23:49:54,181 ] 131 RAGChatbot - INFO - \u2705 Generated 10 chunks from 10 document(s)
[ 2025-11-11 23:49:54,181 ] 134 RAGChatbot - INFO -    Average chunk length: 786 characters
[ 2025-11-11 23:49:54,181 ] 135 RAGChatbot - INFO -    Sample chunk (first 150 chars): Code
Education
University of Liberal Arts Bangladesh (ULAB)Feb 2022 – Present
Bachelor of Science in Computer Science and Engineering (CSE)
CGPA:3.48 ...
[ 2025-11-11 23:49:54,181 ] 142 RAGChatbot - INFO - 
============================================================
[ 2025-11-11 23:49:54,181 ] 143 RAGChatbot - INFO - Step 3: Initializing vector store...
[ 2025-11-11 23:49:54,181 ] 144 RAGChatbot - INFO - ============================================================
[ 2025-11-11 23:49:54,181 ] 219 sentence_transformers.SentenceTransformer - INFO - Use pytorch device_name: cpu
[ 2025-11-11 23:49:54,181 ] 227 sentence_transformers.SentenceTransformer - INFO - Load pretrained SentenceTransformer: sentence-transformers/all-MiniLM-L6-v2
[ 2025-11-11 23:49:58,235 ] 156 RAGChatbot - INFO - Embedding and storing 10 chunks using model 'sentence-transformers/all-MiniLM-L6-v2'...
[ 2025-11-11 23:49:58,235 ] 157 RAGChatbot - INFO - This may take a few minutes...
[ 2025-11-11 23:49:58,836 ] 171 RAGChatbot - INFO - \u2705 Stored 10 chunks in vector store
[ 2025-11-11 23:49:58,836 ] 172 RAGChatbot - INFO -    Vector store now has 10 vectors
[ 2025-11-11 23:49:58,836 ] 175 RAGChatbot - INFO - 
============================================================
[ 2025-11-11 23:49:58,836 ] 176 RAGChatbot - INFO - Step 4: Saving vector store to disk...
[ 2025-11-11 23:49:58,836 ] 177 RAGChatbot - INFO - ============================================================
[ 2025-11-11 23:49:58,837 ] 181 RAGChatbot - INFO - \u2705 Saved FAISS index to: data/faiss_index.bin
[ 2025-11-11 23:49:58,837 ] 182 RAGChatbot - INFO - \u2705 Saved texts to: data/faiss_index_texts.json
[ 2025-11-11 23:49:58,837 ] 183 RAGChatbot - INFO - \u2705 Saved metadatas to: data/faiss_index_metadatas.json
[ 2025-11-11 23:49:58,837 ] 186 RAGChatbot - INFO - 
============================================================
[ 2025-11-11 23:49:58,837 ] 187 RAGChatbot - INFO - Verification:
[ 2025-11-11 23:49:58,837 ] 188 RAGChatbot - INFO - ============================================================
[ 2025-11-11 23:49:58,837 ] 189 RAGChatbot - INFO - \u2705 Index file exists: True
[ 2025-11-11 23:49:58,837 ] 190 RAGChatbot - INFO - \u2705 Texts file exists: True
[ 2025-11-11 23:49:58,837 ] 191 RAGChatbot - INFO - \u2705 Metadatas file exists: True
[ 2025-11-11 23:49:58,837 ] 192 RAGChatbot - INFO - \u2705 Total documents: 10
[ 2025-11-11 23:49:58,837 ] 193 RAGChatbot - INFO - \u2705 Total vectors: 10
[ 2025-11-11 23:49:58,837 ] 195 RAGChatbot - INFO - 
============================================================
[ 2025-11-11 23:49:58,837 ] 196 RAGChatbot - INFO - \u2705 Embedding build complete!
[ 2025-11-11 23:49:58,838 ] 197 RAGChatbot - INFO - ============================================================
[ 2025-11-11 23:49:58,838 ] 198 RAGChatbot - INFO - You can now run the chatbot with:
[ 2025-11-11 23:49:58,838 ] 199 RAGChatbot - INFO -   python scripts/run_app.py --index-path data/faiss_index.bin
